#
# There is insufficient memory for the Java Runtime Environment to continue.
# Native memory allocation (mmap) failed to map 266338304 bytes for G1 virtual space
# Possible reasons:
#   The system is out of physical RAM or swap space
#   The process is running with CompressedOops enabled, and the Java Heap may be blocking the growth of the native heap
# Possible solutions:
#   Reduce memory load on the system
#   Increase physical memory or swap space
#   Check if swap backing store is full
#   Decrease Java heap size (-Xmx/-Xms)
#   Decrease number of Java threads
#   Decrease Java thread stack sizes (-Xss)
#   Set larger code cache with -XX:ReservedCodeCacheSize=
#   JVM is running with Zero Based Compressed Oops mode in which the Java heap is
#     placed in the first 32GB address space. The Java Heap base address is the
#     maximum limit for the native heap growth. Please use -XX:HeapBaseMinAddress
#     to set the Java Heap base and to place the Java Heap above 32GB virtual address.
# This output file may be truncated or incomplete.
#
#  Out of Memory Error (os_windows.cpp:3551), pid=58516, tid=62952
#
# JRE version:  (17.0.15+9) (build )
# Java VM: Java HotSpot(TM) 64-Bit Server VM (17.0.15+9-LTS-241, mixed mode, sharing, tiered, compressed oops, compressed class ptrs, g1 gc, windows-amd64)
# No core dump will be written. Minidumps are not enabled by default on client versions of Windows
#

---------------  S U M M A R Y ------------

Command Line: -ea -Dfile.encoding=UTF-8 -Dstdout.encoding=UTF-8 -Dstderr.encoding=UTF-8 -XX:+ShowCodeDetailsInExceptionMessages org.testng.remote.RemoteTestNG -serport 53726 -protocol json -d C:\Users\Reehan\eclipse-workspace\aurazone-automation\test-output C:\Users\Reehan\AppData\Local\Temp\testng-eclipse-986967836\testng-customsuite.xml

Host: AMD Ryzen 7 7435HS                             , 16 cores, 15G,  Windows 11 , 64 bit Build 26100 (10.0.26100.7920)
Time: Sat Apr  4 17:59:27 2026 India Standard Time elapsed time: 0.015728 seconds (0d 0h 0m 0s)

---------------  T H R E A D  ---------------

Current thread (0x000001eba414b400):  JavaThread "Unknown thread" [_thread_in_vm, id=62952, stack(0x000000095c200000,0x000000095c300000)]

Stack: [0x000000095c200000,0x000000095c300000]
Native frames: (J=compiled Java code, j=interpreted, Vv=VM code, C=native code)
V  [jvm.dll+0x67a46a]
V  [jvm.dll+0x7da6ad]
V  [jvm.dll+0x7dbff3]
V  [jvm.dll+0x7dc663]
V  [jvm.dll+0x24523f]
V  [jvm.dll+0x677499]
V  [jvm.dll+0x66c122]
V  [jvm.dll+0x302156]
V  [jvm.dll+0x3096f6]
V  [jvm.dll+0x35a04e]
V  [jvm.dll+0x35a27f]
V  [jvm.dll+0x2d9228]
V  [jvm.dll+0x2da194]
V  [jvm.dll+0x7ace91]
V  [jvm.dll+0x3678b1]
V  [jvm.dll+0x78be69]
V  [jvm.dll+0x3ecc6e]
V  [jvm.dll+0x3ee8a1]
C  [jli.dll+0x5297]
C  [ucrtbase.dll+0x37b0]
C  [KERNEL32.DLL+0x2e8d7]
C  [ntdll.dll+0x8c48c]


---------------  P R O C E S S  ---------------

Threads class SMR info:
_java_thread_list=0x00007ffa39d98a18, length=0, elements={
}

Java Threads: ( => current thread )

Other Threads:
  0x000001eba41b4a20 GCTaskThread "GC Thread#0" [stack: 0x000000095c300000,0x000000095c400000] [id=68184]
  0x000001eba41c7a40 ConcurrentGCThread "G1 Main Marker" [stack: 0x000000095c400000,0x000000095c500000] [id=14560]
  0x000001eba41c8360 ConcurrentGCThread "G1 Conc#0" [stack: 0x000000095c500000,0x000000095c600000] [id=68416]

[error occurred during error reporting (printing all threads), id 0xc0000005, EXCEPTION_ACCESS_VIOLATION (0xc0000005) at pc=0x00007ffa395c9d17]

VM state: not at safepoint (not fully initialized)

VM Mutex/Monitor currently owned by a thread:  ([mutex/lock_event])
[0x000001eba4146850] Heap_lock - owner thread: 0x000001eba414b400

Heap address: 0x0000000702c00000, size: 4052 MB, Compressed Oops mode: Zero based, Oop shift amount: 3

CDS archive(s) mapped at: [0x0000000000000000-0x0000000000000000-0x0000000000000000), size 0, SharedBaseAddress: 0x0000000800000000, ArchiveRelocationMode: 1.
Narrow klass base: 0x0000000000000000, Narrow klass shift: 0, Narrow klass range: 0x0

GC Precious Log:
<Empty>

Heap:
 garbage-first heap   total 0K, used 0K [0x0000000702c00000, 0x0000000800000000)
  region size 2048K, 0 young (0K), 0 survivors (0K)

[error occurred during error reporting (printing heap information), id 0xc0000005, EXCEPTION_ACCESS_VIOLATION (0xc0000005) at pc=0x00007ffa399b3c09]

GC Heap History (0 events):
No events

Deoptimization events (0 events):
No events

Classes unloaded (0 events):
No events

Classes redefined (0 events):
No events

Internal exceptions (0 events):
No events

VM Operations (0 events):
No events

Events (1 events):
Event: 0.008 Loaded shared library C:\Program Files\Java\jdk-17\bin\java.dll


Dynamic libraries:
0x00007ff6f43d0000 - 0x00007ff6f43e0000 	C:\Program Files\Java\jdk-17\bin\javaw.exe
0x00007ffb07300000 - 0x00007ffb07567000 	C:\Windows\SYSTEM32\ntdll.dll
0x00007ffb06db0000 - 0x00007ffb06e79000 	C:\Windows\System32\KERNEL32.DLL
0x00007ffb04650000 - 0x00007ffb04a41000 	C:\Windows\System32\KERNELBASE.dll
0x00007ffb04500000 - 0x00007ffb0464b000 	C:\Windows\System32\ucrtbase.dll
0x00007ffaa8630000 - 0x00007ffaa8649000 	C:\Program Files\Java\jdk-17\bin\jli.dll
0x00007ffaa5460000 - 0x00007ffaa547b000 	C:\Program Files\Java\jdk-17\bin\VCRUNTIME140.dll
0x00007ffb06530000 - 0x00007ffb065eb000 	C:\Windows\System32\ADVAPI32.dll
0x00007ffb06820000 - 0x00007ffb068c9000 	C:\Windows\System32\msvcrt.dll
0x00007ffb063b0000 - 0x00007ffb06457000 	C:\Windows\System32\sechost.dll
0x00007ffb050a0000 - 0x00007ffb051b8000 	C:\Windows\System32\RPCRT4.dll
0x00007ffb06650000 - 0x00007ffb06815000 	C:\Windows\System32\USER32.dll
0x00007ffaebda0000 - 0x00007ffaec033000 	C:\Windows\WinSxS\amd64_microsoft.windows.common-controls_6595b64144ccf1df_6.0.26100.8037_none_3e092faae333b53b\COMCTL32.dll
0x00007ffb04cf0000 - 0x00007ffb04d17000 	C:\Windows\System32\win32u.dll
0x00007ffb06500000 - 0x00007ffb0652b000 	C:\Windows\System32\GDI32.dll
0x00007ffb04bc0000 - 0x00007ffb04ceb000 	C:\Windows\System32\gdi32full.dll
0x00007ffb03be0000 - 0x00007ffb03c83000 	C:\Windows\System32\msvcp_win.dll
0x00007ffafcec0000 - 0x00007ffafcecb000 	C:\Windows\SYSTEM32\VERSION.dll
0x00007ffb07150000 - 0x00007ffb07181000 	C:\Windows\System32\IMM32.DLL
0x00007ffad24e0000 - 0x00007ffad24ec000 	C:\Program Files\Java\jdk-17\bin\vcruntime140_1.dll
0x00007ffa5e060000 - 0x00007ffa5e0ee000 	C:\Program Files\Java\jdk-17\bin\msvcp140.dll
0x00007ffa392e0000 - 0x00007ffa39ec1000 	C:\Program Files\Java\jdk-17\bin\server\jvm.dll
0x00007ffb057b0000 - 0x00007ffb057b8000 	C:\Windows\System32\PSAPI.DLL
0x00007ffadd880000 - 0x00007ffadd88a000 	C:\Windows\SYSTEM32\WSOCK32.dll
0x00007ffaf7850000 - 0x00007ffaf7885000 	C:\Windows\SYSTEM32\WINMM.dll
0x00007ffb07080000 - 0x00007ffb070f4000 	C:\Windows\System32\WS2_32.dll
0x00007ffb02970000 - 0x00007ffb0298b000 	C:\Windows\SYSTEM32\kernel.appcore.dll
0x00007ffad0400000 - 0x00007ffad040a000 	C:\Program Files\Java\jdk-17\bin\jimage.dll
0x00007ffb01b50000 - 0x00007ffb01d92000 	C:\Windows\SYSTEM32\DBGHELP.DLL
0x00007ffb057c0000 - 0x00007ffb05b42000 	C:\Windows\System32\combase.dll
0x00007ffb06c30000 - 0x00007ffb06d07000 	C:\Windows\System32\OLEAUT32.dll
0x00007ffaeec10000 - 0x00007ffaeec4b000 	C:\Windows\SYSTEM32\dbgcore.DLL
0x00007ffb04a50000 - 0x00007ffb04af5000 	C:\Windows\System32\bcryptPrimitives.dll
0x00007ffa9f4b0000 - 0x00007ffa9f4d5000 	C:\Program Files\Java\jdk-17\bin\java.dll

dbghelp: loaded successfully - version: 4.0.5 - missing functions: none
symbol engine: initialized successfully - sym options: 0x614 - pdb path: .;C:\Program Files\Java\jdk-17\bin;C:\Windows\SYSTEM32;C:\Windows\WinSxS\amd64_microsoft.windows.common-controls_6595b64144ccf1df_6.0.26100.8037_none_3e092faae333b53b;C:\Program Files\Java\jdk-17\bin\server

VM Arguments:
jvm_args: -ea -Dfile.encoding=UTF-8 -Dstdout.encoding=UTF-8 -Dstderr.encoding=UTF-8 -XX:+ShowCodeDetailsInExceptionMessages 
java_command: org.testng.remote.RemoteTestNG -serport 53726 -protocol json -d C:\Users\Reehan\eclipse-workspace\aurazone-automation\test-output C:\Users\Reehan\AppData\Local\Temp\testng-eclipse-986967836\testng-customsuite.xml
java_class_path (initial): C:\Users\Reehan\eclipse\java-2025-12\eclipse\configuration\org.eclipse.osgi\535\0\.cp\lib\testng-remote.jar;C:\Users\Reehan\eclipse-workspace\aurazone-automation\target\test-classes;C:\Users\Reehan\eclipse-workspace\aurazone-automation\target\classes;C:\Users\Reehan\.p2\pool\plugins\org.testng_7.11.0.r202503091654.jar;C:\Users\Reehan\.p2\pool\plugins\com.beust.jcommander_1.83.0.jar;C:\Users\Reehan\.p2\pool\plugins\slf4j.api_2.0.17.jar;C:\Users\Reehan\.p2\pool\plugins\org.yaml.snakeyaml_2.2.0.jar;C:\Users\Reehan\.p2\pool\plugins\org.webjars.jquery_3.7.1.jar;C:\Users\Reehan\.m2\repository\org\seleniumhq\selenium\selenium-java\4.41.0\selenium-java-4.41.0.jar;C:\Users\Reehan\.m2\repository\org\seleniumhq\selenium\selenium-api\4.41.0\selenium-api-4.41.0.jar;C:\Users\Reehan\.m2\repository\org\jspecify\jspecify\1.0.0\jspecify-1.0.0.jar;C:\Users\Reehan\.m2\repository\org\seleniumhq\selenium\selenium-chrome-driver\4.41.0\selenium-chrome-driver-4.41.0.jar;C:\Users\Reehan\.m2\repository\com\google\auto\service\auto-service-annotations\1.1.1\auto-service-annotations-1.1.1.jar;C:\Users\Reehan\.m2\repository\org\seleniumhq\selenium\selenium-chromium-driver\4.41.0\selenium-chromium-driver-4.41.0.jar;C:\Users\Reehan\.m2\repository\org\seleniumhq\selenium\selenium-json\4.41.0\selenium-json-4.41.0.jar;C:\Users\Reehan\.m2\repository\org\seleniumhq\selenium\selenium-manager\4.41.0\selenium-manager-4.41.0.jar;C:\Users\Reehan\.m2\repository\org\seleniumhq\selenium\selenium-devtools-v143\4.41.0\selenium-devtools-v143-4.41.0.jar;C:\Users\Reehan\.m2\repository\org\seleniumhq\selenium\selenium-devtools-v144\4.41.0\selenium-devtools-v144-4.41.0.jar;C:\Users\Reehan\.m2\repository\org\seleniumhq\selenium\selenium-devtools-v145\4.41.0\selenium-devtools-v145-4.41.0.jar;C:\Users\Reehan\.m2\repository\org\seleniumhq\selenium\selenium-edge-driver\4.41.0\selenium-edge-driver-4.41.0.jar;C:\Users\Reehan\.m2\repository\org\seleniumhq\selenium\selenium-firefox-driver\4.41.0\s
Launcher Type: SUN_STANDARD

[Global flags]
     intx CICompilerCount                          = 12                                        {product} {ergonomic}
     uint ConcGCThreads                            = 3                                         {product} {ergonomic}
     uint G1ConcRefinementThreads                  = 13                                        {product} {ergonomic}
   size_t G1HeapRegionSize                         = 2097152                                   {product} {ergonomic}
    uintx GCDrainStackTargetSize                   = 64                                        {product} {ergonomic}
   size_t InitialHeapSize                          = 266338304                                 {product} {ergonomic}
   size_t MarkStackSize                            = 4194304                                   {product} {ergonomic}
   size_t MaxHeapSize                              = 4248829952                                {product} {ergonomic}
   size_t MinHeapDeltaBytes                        = 2097152                                   {product} {ergonomic}
   size_t MinHeapSize                              = 8388608                                   {product} {ergonomic}
    uintx NonNMethodCodeHeapSize                   = 7602480                                {pd product} {ergonomic}
    uintx NonProfiledCodeHeapSize                  = 122027880                              {pd product} {ergonomic}
    uintx ProfiledCodeHeapSize                     = 122027880                              {pd product} {ergonomic}
    uintx ReservedCodeCacheSize                    = 251658240                              {pd product} {ergonomic}
     bool SegmentedCodeCache                       = true                                      {product} {ergonomic}
     bool ShowCodeDetailsInExceptionMessages       = true                                   {manageable} {command line}
   size_t SoftMaxHeapSize                          = 4248829952                             {manageable} {ergonomic}
     bool UseCompressedClassPointers               = true                           {product lp64_product} {ergonomic}
     bool UseCompressedOops                        = true                           {product lp64_product} {ergonomic}
     bool UseG1GC                                  = true                                      {product} {ergonomic}
     bool UseLargePagesIndividualAllocation        = false                                  {pd product} {ergonomic}

Logging:
Log output configuration:
 #0: stdout all=warning uptime,level,tags
 #1: stderr all=off uptime,level,tags

Environment Variables:
JAVA_HOME=C:\Program Files\Java\jdk-17
PATH=C:/Users/Reehan/.p2/pool/plugins/org.eclipse.justj.openjdk.hotspot.jre.full.win32.x86_64_25.0.1.v20251108-1451/jre/bin/server;C:/Users/Reehan/.p2/pool/plugins/org.eclipse.justj.openjdk.hotspot.jre.full.win32.x86_64_25.0.1.v20251108-1451/jre/bin;C:\Program Files\Common Files\Oracle\Java\javapath;C:\Python313\Scripts\;C:\Python313\;C:\Windows\system32;C:\Windows;C:\Windows\System32\Wbem;C:\Windows\System32\WindowsPowerShell\v1.0\;C:\Windows\System32\OpenSSH\;C:\Program Files (x86)\NVIDIA Corporation\PhysX\Common;C:\Program Files\dotnet\;C:\ProgramData\chocolatey\bin;C:\Program Files\NVIDIA Corporation\NVIDIA App\NvDLISR;C:\Program Files\nodejs\;C:\Program Files\Git\cmd;C:\Program Files\Java\jdk-17\bin;C:\Program Files\apache-maven-3.9.12\bin;;C:\Program Files\Docker\Docker\resources\bin;C:\Program Files\MySQL\MySQL Shell 8.0\bin\;C:\Users\Reehan\AppData\Local\Microsoft\WindowsApps;C:\Users\Reehan\AppData\Local\Programs\Microsoft VS Code\bin;C:\Program Files\MongoDB\Server\8.0\bin;C:\Program Files\MongoDB\Shell\mongosh-2.4.2-win32-x64\bin;C:\Users\Reehan\AppData\Local\GitHubDesktop\bin;C:\Users\Reehan\AppData\Roaming\npm;C:\Windows\System32;
USERNAME=Reehan
OS=Windows_NT
PROCESSOR_IDENTIFIER=AMD64 Family 25 Model 68 Stepping 1, AuthenticAMD



---------------  S Y S T E M  ---------------

OS:
 Windows 11 , 64 bit Build 26100 (10.0.26100.7920)
OS uptime: 3 days 19:20 hours
Hyper-V role detected

CPU: total 16 (initial active 16) (16 cores per cpu, 2 threads per core) family 25 model 68 stepping 1 microcode 0xa404107, cx8, cmov, fxsr, ht, mmx, 3dnowpref, sse, sse2, sse3, ssse3, sse4a, sse4.1, sse4.2, popcnt, lzcnt, tsc, tscinvbit, avx, avx2, aes, erms, clmul, bmi1, bmi2, adx, sha, fma, vzeroupper, clflush, clflushopt, hv

Memory: 4k page, system-wide physical 16202M (655M free)
TotalPageFile size 36203M (AvailPageFile size 66M)
current process WorkingSet (physical memory assigned to process): 12M, peak: 12M
current process commit charge ("private bytes"): 70M, peak: 324M

vm_info: Java HotSpot(TM) 64-Bit Server VM (17.0.15+9-LTS-241) for windows-amd64 JRE (17.0.15+9-LTS-241), built on Feb 20 2025 10:49:54 by "mach5one" with MS VC++ 17.6 (VS2022)

END.
